<?xml version="1.0" encoding="UTF-8"?>
<!-- Generated by org.testng.reporters.JUnitXMLReporter -->
<testsuite ignored="0" hostname="DESKTOP-DSKH4QA" failures="1" tests="1" name="Test(failed)(failed)" time="0.083" errors="0" timestamp="2023-03-27T17:38:03 IST">
  <testcase classname="testCases.TC_002_LoginTest" name="login" time="0.012">
    <failure type="java.lang.NullPointerException" message="Cannot invoke &amp;quot;org.apache.logging.log4j.Logger.error(String)&amp;quot; because &amp;quot;this.logger&amp;quot; is null">
      <![CDATA[java.lang.NullPointerException: Cannot invoke "org.apache.logging.log4j.Logger.error(String)" because "this.logger" is null
at testCases.TC_002_LoginTest.login(TC_002_LoginTest.java:31)
at java.base/java.util.ArrayList.forEach(ArrayList.java:1511)
... Removed 27 stack frames]]>
    </failure>
  </testcase> <!-- login -->
</testsuite> <!-- Test(failed)(failed) -->
