<?xml version="1.0" encoding="UTF-8"?>
<!-- Generated by org.testng.reporters.JUnitXMLReporter -->
<testsuite ignored="0" hostname="DESKTOP-DSKH4QA" failures="1" tests="1" name="TC_001_AccountRegistrationTest" time="10.953" errors="0" timestamp="2023-03-27T12:05:21 IST">
  <testcase classname="testCases.TC_003_LoginDDT" name="loginTest" time="0.0">
    <failure type="org.testng.TestNGException" message="
Method public void testCases.TC_003_LoginDDT.loginTest(java.lang.String,java.lang.String,java.lang.String) requires a @DataProvider named : LoginData in class org.testng.annotations.DataProvider">
      <![CDATA[org.testng.TestNGException: 
at java.base/java.util.ArrayList.forEach(ArrayList.java:1511)
... Removed 25 stack frames]]>
    </failure>
  </testcase> <!-- loginTest -->
</testsuite> <!-- TC_001_AccountRegistrationTest -->
