<?xml version="1.0" encoding="UTF-8"?>
<!-- Generated by org.testng.reporters.JUnitXMLReporter -->
<testsuite ignored="2" hostname="DESKTOP-DSKH4QA" failures="0" tests="0" time="0.625" errors="0" timestamp="2023-03-27T17:57:34 IST">
  <testcase classname="testCases.TC_002_LoginTest" name="login" time="0.0">
    <ignored/>
  </testcase> <!-- login -->
  <testcase classname="testCases.TC_001_AccountRegistrationTest" name="accountRegisterationTest" time="0.0">
    <ignored/>
  </testcase> <!-- accountRegisterationTest -->
</testsuite>
