<?xml version="1.0" encoding="UTF-8"?>
<testng-results ignored="0" total="1" passed="1" failed="0" skipped="0">
  <reporter-output>
  </reporter-output>
  <suite started-at="2023-03-29T13:45:40 IST" name="Suite" finished-at="2023-03-29T13:45:56 IST" duration-ms="16176">
    <groups>
      <group name="Sanity">
        <method signature="TC_001_AccountRegistrationTest.accountRegisterationTest()[pri:0, instance:testCases.TC_001_AccountRegistrationTest@606e4010]" name="accountRegisterationTest" class="testCases.TC_001_AccountRegistrationTest"/>
      </group> <!-- Sanity -->
    </groups>
    <test started-at="2023-03-29T13:45:40 IST" name="chromeTest" finished-at="2023-03-29T13:45:56 IST" duration-ms="16176">
      <class name="testCases.TC_001_AccountRegistrationTest">
        <test-method is-config="true" signature="setUp(java.lang.String)[pri:0, instance:testCases.TC_001_AccountRegistrationTest@606e4010]" started-at="2023-03-29T13:45:40 IST" name="setUp" finished-at="2023-03-29T13:45:49 IST" duration-ms="8741" status="PASS">
          <params>
            <param index="0">
              <value>
                <![CDATA[chrome]]>
              </value>
            </param>
          </params>
          <reporter-output>
          </reporter-output>
        </test-method> <!-- setUp -->
        <test-method signature="accountRegisterationTest()[pri:0, instance:testCases.TC_001_AccountRegistrationTest@606e4010]" started-at="2023-03-29T13:45:49 IST" name="accountRegisterationTest" finished-at="2023-03-29T13:45:56 IST" duration-ms="6757" status="PASS">
          <reporter-output>
          </reporter-output>
        </test-method> <!-- accountRegisterationTest -->
        <test-method is-config="true" signature="tearDown()[pri:0, instance:testCases.TC_001_AccountRegistrationTest@606e4010]" started-at="2023-03-29T13:45:56 IST" name="tearDown" finished-at="2023-03-29T13:45:56 IST" duration-ms="547" status="PASS">
          <reporter-output>
          </reporter-output>
        </test-method> <!-- tearDown -->
      </class> <!-- testCases.TC_001_AccountRegistrationTest -->
    </test> <!-- chromeTest -->
  </suite> <!-- Suite -->
</testng-results>
